0 info it worked if it ends with ok
1 verbose cli [ '/Users/kmoses/.nvm/versions/node/v6.2.1/bin/node',
1 verbose cli   '/Users/kmoses/.nvm/versions/node/v6.2.1/bin/npm',
1 verbose cli   'start' ]
2 info using npm@3.9.3
3 info using node@v6.2.1
4 verbose run-script [ 'prestart', 'start', 'poststart' ]
5 info lifecycle pubspot@0.1.0~prestart: pubspot@0.1.0
6 silly lifecycle pubspot@0.1.0~prestart: no script for prestart, continuing
7 info lifecycle pubspot@0.1.0~start: pubspot@0.1.0
8 verbose lifecycle pubspot@0.1.0~start: unsafe-perm in lifecycle true
9 verbose lifecycle pubspot@0.1.0~start: PATH: /Users/kmoses/.nvm/versions/node/v6.2.1/lib/node_modules/npm/bin/node-gyp-bin:/Users/kmoses/pubspot/node_modules/.bin:/Users/kmoses/.nvm/versions/node/v6.2.1/bin:/Users/kmoses/.nvm/versions/node/v6.2.1/bin:/usr/local/bin:/usr/bin:/bin:/usr/sbin:/sbin:/usr/local/sbin
10 verbose lifecycle pubspot@0.1.0~start: CWD: /Users/kmoses/pubspot
11 silly lifecycle pubspot@0.1.0~start: Args: [ '-c', 'DEBUG=false node server/server.js' ]
12 silly lifecycle pubspot@0.1.0~start: Returned: code: 1  signal: null
13 info lifecycle pubspot@0.1.0~start: Failed to exec start script
14 verbose stack Error: pubspot@0.1.0 start: `DEBUG=false node server/server.js`
14 verbose stack Exit status 1
14 verbose stack     at EventEmitter.<anonymous> (/Users/kmoses/.nvm/versions/node/v6.2.1/lib/node_modules/npm/lib/utils/lifecycle.js:245:16)
14 verbose stack     at emitTwo (events.js:106:13)
14 verbose stack     at EventEmitter.emit (events.js:191:7)
14 verbose stack     at ChildProcess.<anonymous> (/Users/kmoses/.nvm/versions/node/v6.2.1/lib/node_modules/npm/lib/utils/spawn.js:24:14)
14 verbose stack     at emitTwo (events.js:106:13)
14 verbose stack     at ChildProcess.emit (events.js:191:7)
14 verbose stack     at maybeClose (internal/child_process.js:852:16)
14 verbose stack     at Process.ChildProcess._handle.onexit (internal/child_process.js:215:5)
15 verbose pkgid pubspot@0.1.0
16 verbose cwd /Users/kmoses/pubspot
17 error Darwin 15.3.0
18 error argv "/Users/kmoses/.nvm/versions/node/v6.2.1/bin/node" "/Users/kmoses/.nvm/versions/node/v6.2.1/bin/npm" "start"
19 error node v6.2.1
20 error npm  v3.9.3
21 error code ELIFECYCLE
22 error pubspot@0.1.0 start: `DEBUG=false node server/server.js`
22 error Exit status 1
23 error Failed at the pubspot@0.1.0 start script 'DEBUG=false node server/server.js'.
23 error Make sure you have the latest version of node.js and npm installed.
23 error If you do, this is most likely a problem with the pubspot package,
23 error not with npm itself.
23 error Tell the author that this fails on your system:
23 error     DEBUG=false node server/server.js
23 error You can get information on how to open an issue for this project with:
23 error     npm bugs pubspot
23 error Or if that isn't available, you can get their info via:
23 error     npm owner ls pubspot
23 error There is likely additional logging output above.
24 verbose exit [ 1, true ]
